<?xml version="1.0" encoding="utf-8"?><testsuites name="pytest tests"><testsuite name="pytest" errors="0" failures="0" skipped="0" tests="5" time="3.691" timestamp="2026-09-16T15:42:07.810762+00:00" hostname="agent-env-ce10ce4c-0c6e-4d9c-9784-403123be0874"><testcase classname="tests.test_live_api_parity_iteration15" name="test_auth_login_and_me" time="0.851" /><testcase classname="tests.test_live_api_parity_iteration15" name="test_auth_me_requires_token" time="0.436" /><testcase classname="tests.test_live_api_parity_iteration15" name="test_openapi_contains_vehicle_rules" time="0.890" /><testcase classname="tests.test_live_api_parity_iteration15" name="test_create_update_get_vehicle_and_verify_qr" time="0.980" /><testcase classname="tests.test_live_api_parity_iteration15" name="test_cleanup_created_vehicles_best_effort" time="0.140" /></testsuite></testsuites>